[    0.000000] Linux version 4.15.0-50-generic (buildd@lcy01-amd64-013) (gcc version 7.3.0 (Ubuntu 7.3.0-16ubuntu3)) #54-Ubuntu SMP Mon May 6 18:46:08 UTC 2019 (Ubuntu 4.15.0-50.54-generic 4.15.18)
[    0.000000] Command line: BOOT_IMAGE=/boot/vmlinuz-4.15.0-50-generic root=LABEL=cloudimg-rootfs ro console=tty1 console=ttyS0
[    0.000000] KERNEL supported cpus:
[    0.000000]   Intel GenuineIntel
[    0.000000]   AMD AuthenticAMD
[    0.000000]   Centaur CentaurHauls
[    0.000000] x86/fpu: Supporting XSAVE feature 0x001: 'x87 floating point registers'
[    0.000000] x86/fpu: Supporting XSAVE feature 0x002: 'SSE registers'
[    0.000000] x86/fpu: Supporting XSAVE feature 0x004: 'AVX registers'
[    0.000000] x86/fpu: xstate_offset[2]:  576, xstate_sizes[2]:  256
[    0.000000] x86/fpu: Enabled xstate features 0x7, context size is 832 bytes, using 'standard' format.
[    0.000000] e820: BIOS-provided physical RAM map:
[    0.000000] BIOS-e820: [mem 0x0000000000000000-0x000000000009fbff] usable
[    0.000000] BIOS-e820: [mem 0x000000000009fc00-0x000000000009ffff] reserved
[    0.000000] BIOS-e820: [mem 0x00000000000f0000-0x00000000000fffff] reserved
[    0.000000] BIOS-e820: [mem 0x0000000000100000-0x000000000ffeffff] usable
[    0.000000] BIOS-e820: [mem 0x000000000fff0000-0x000000000fffffff] ACPI data
[    0.000000] BIOS-e820: [mem 0x00000000fec00000-0x00000000fec00fff] reserved
[    0.000000] BIOS-e820: [mem 0x00000000fee00000-0x00000000fee00fff] reserved
[    0.000000] BIOS-e820: [mem 0x00000000fffc0000-0x00000000ffffffff] reserved
[    0.000000] NX (Execute Disable) protection: active
[    0.000000] SMBIOS 2.5 present.
[    0.000000] DMI: innotek GmbH VirtualBox/VirtualBox, BIOS VirtualBox 12/01/2006
[    0.000000] Hypervisor detected: KVM
[    0.000000] e820: last_pfn = 0xfff0 max_arch_pfn = 0x400000000
[    0.000000] MTRR: Disabled
[    0.000000] x86/PAT: MTRRs disabled, skipping PAT initialization too.
[    0.000000] CPU MTRRs all blank - virtualized system.
[    0.000000] x86/PAT: Configuration [0-7]: WB  WT  UC- UC  WB  WT  UC- UC  
[    0.000000] found SMP MP-table at [mem 0x0009fff0-0x0009ffff] mapped at [        (ptrval)]
[    0.000000] Scanning 1 areas for low memory corruption
[    0.000000] RAMDISK: [mem 0x0dbb5000-0x0ee3dfff]
[    0.000000] ACPI: Early table checksum verification disabled
[    0.000000] ACPI: RSDP 0x00000000000E0000 000024 (v02 VBOX  )
[    0.000000] ACPI: XSDT 0x000000000FFF0030 00003C (v01 VBOX   VBOXXSDT 00000001 ASL  00000061)
[    0.000000] ACPI: FACP 0x000000000FFF00F0 0000F4 (v04 VBOX   VBOXFACP 00000001 ASL  00000061)
[    0.000000] ACPI: DSDT 0x000000000FFF0470 0022EA (v02 VBOX   VBOXBIOS 00000002 INTL 20100528)
[    0.000000] ACPI: FACS 0x000000000FFF0200 000040
[    0.000000] ACPI: FACS 0x000000000FFF0200 000040
[    0.000000] ACPI: APIC 0x000000000FFF0240 000054 (v02 VBOX   VBOXAPIC 00000001 ASL  00000061)
[    0.000000] ACPI: SSDT 0x000000000FFF02A0 0001CC (v01 VBOX   VBOXCPUT 00000002 INTL 20100528)
[    0.000000] No NUMA configuration found
[    0.000000] Faking a node at [mem 0x0000000000000000-0x000000000ffeffff]
[    0.000000] NODE_DATA(0) allocated [mem 0x0ffc5000-0x0ffeffff]
[    0.000000] kvm-clock: cpu 0, msr 0:ff44001, primary cpu clock
[    0.000000] kvm-clock: Using msrs 4b564d01 and 4b564d00
[    0.000000] kvm-clock: using sched offset of 3995790663 cycles
[    0.000000] clocksource: kvm-clock: mask: 0xffffffffffffffff max_cycles: 0x1cd42e4dffb, max_idle_ns: 881590591483 ns
[    0.000000] Zone ranges:
[    0.000000]   DMA      [mem 0x0000000000001000-0x0000000000ffffff]
[    0.000000]   DMA32    [mem 0x0000000001000000-0x000000000ffeffff]
[    0.000000]   Normal   empty
[    0.000000]   Device   empty
[    0.000000] Movable zone start for each node
[    0.000000] Early memory node ranges
[    0.000000]   node   0: [mem 0x0000000000001000-0x000000000009efff]
[    0.000000]   node   0: [mem 0x0000000000100000-0x000000000ffeffff]
[    0.000000] Reserved but unavailable: 114 pages
[    0.000000] Initmem setup node 0 [mem 0x0000000000001000-0x000000000ffeffff]
[    0.000000] ACPI: PM-Timer IO Port: 0x4008
[    0.000000] IOAPIC[0]: apic_id 1, version 32, address 0xfec00000, GSI 0-23
[    0.000000] ACPI: INT_SRC_OVR (bus 0 bus_irq 0 global_irq 2 dfl dfl)
[    0.000000] ACPI: INT_SRC_OVR (bus 0 bus_irq 9 global_irq 9 low level)
[    0.000000] Using ACPI (MADT) for SMP configuration information
[    0.000000] smpboot: Allowing 1 CPUs, 0 hotplug CPUs
[    0.000000] PM: Registered nosave memory: [mem 0x00000000-0x00000fff]
[    0.000000] PM: Registered nosave memory: [mem 0x0009f000-0x0009ffff]
[    0.000000] PM: Registered nosave memory: [mem 0x000a0000-0x000effff]
[    0.000000] PM: Registered nosave memory: [mem 0x000f0000-0x000fffff]
[    0.000000] e820: [mem 0x10000000-0xfebfffff] available for PCI devices
[    0.000000] Booting paravirtualized kernel on KVM
[    0.000000] clocksource: refined-jiffies: mask: 0xffffffff max_cycles: 0xffffffff, max_idle_ns: 7645519600211568 ns
[    0.000000] random: get_random_bytes called from start_kernel+0x99/0x4fd with crng_init=0
[    0.000000] setup_percpu: NR_CPUS:8192 nr_cpumask_bits:1 nr_cpu_ids:1 nr_node_ids:1
[    0.000000] percpu: Embedded 46 pages/cpu @        (ptrval) s151552 r8192 d28672 u2097152
[    0.000000] PV qspinlock hash table entries: 256 (order: 0, 4096 bytes)
[    0.000000] Built 1 zonelists, mobility grouping on.  Total pages: 64377
[    0.000000] Policy zone: DMA32
[    0.000000] Kernel command line: BOOT_IMAGE=/boot/vmlinuz-4.15.0-50-generic root=LABEL=cloudimg-rootfs ro console=tty1 console=ttyS0
[    0.000000] Memory: 209636K/261688K available (12300K kernel code, 2474K rwdata, 4276K rodata, 2412K init, 2416K bss, 52052K reserved, 0K cma-reserved)
[    0.000000] SLUB: HWalign=64, Order=0-3, MinObjects=0, CPUs=1, Nodes=1
[    0.000000] Kernel/User page tables isolation: enabled
[    0.000000] ftrace: allocating 39233 entries in 154 pages
[    0.004000] Hierarchical RCU implementation.
[    0.004000] 	RCU restricting CPUs from NR_CPUS=8192 to nr_cpu_ids=1.
[    0.004000] 	Tasks RCU enabled.
[    0.004000] RCU: Adjusting geometry for rcu_fanout_leaf=16, nr_cpu_ids=1
[    0.004000] NR_IRQS: 524544, nr_irqs: 256, preallocated irqs: 16
[    0.004000] Console: colour VGA+ 80x25
[    0.004000] console [tty1] enabled
[    0.004000] console [ttyS0] enabled
[    0.004000] ACPI: Core revision 20170831
[    0.004000] ACPI: 2 ACPI AML tables successfully acquired and loaded
[    0.004000] APIC: Switch to symmetric I/O mode setup
[    0.004000] x2apic enabled
[    0.004000] Switched APIC routing to physical x2apic.
[    0.004343] ..TIMER: vector=0x30 apic1=0 pin1=2 apic2=-1 pin2=-1
[    0.008005] tsc: Detected 2294.692 MHz processor
[    0.008903] Calibrating delay loop (skipped) preset value.. 4589.38 BogoMIPS (lpj=9178768)
[    0.012013] pid_max: default: 32768 minimum: 301
[    0.013415] Security Framework initialized
[    0.014226] Yama: becoming mindful.
[    0.014989] AppArmor: AppArmor initialized
[    0.016088] Dentry cache hash table entries: 32768 (order: 6, 262144 bytes)
[    0.017427] Inode-cache hash table entries: 16384 (order: 5, 131072 bytes)
[    0.018941] Mount-cache hash table entries: 512 (order: 0, 4096 bytes)
[    0.020016] Mountpoint-cache hash table entries: 512 (order: 0, 4096 bytes)
[    0.021645] mce: CPU supports 0 MCE banks
[    0.022473] process: using mwait in idle threads
[    0.024012] Last level iTLB entries: 4KB 64, 2MB 8, 4MB 8
[    0.025044] Last level dTLB entries: 4KB 64, 2MB 0, 4MB 0, 1GB 4
[    0.026196] Spectre V2 : Mitigation: Full generic retpoline
[    0.027382] Spectre V2 : Spectre v2 / SpectreRSB mitigation: Filling RSB on context switch
[    0.028006] Speculative Store Bypass: Vulnerable
[    0.029193] MDS: Vulnerable: Clear CPU buffers attempted, no microcode
[    0.048918] Freeing SMP alternatives memory: 36K
[    0.052000] smpboot: CPU0: Intel(R) Core(TM) i5-5300U CPU @ 2.30GHz (family: 0x6, model: 0x3d, stepping: 0x4)
[    0.052000] Performance Events: unsupported p6 CPU model 61 no PMU driver, software events only.
[    0.052098] Hierarchical SRCU implementation.
[    0.053939] NMI watchdog: Perf event create on CPU 0 failed with -2
[    0.056005] NMI watchdog: Perf NMI watchdog permanently disabled
[    0.057276] smp: Bringing up secondary CPUs ...
[    0.058600] smp: Brought up 1 node, 1 CPU
[    0.060011] smpboot: Max logical packages: 1
[    0.061057] smpboot: Total of 1 processors activated (4589.38 BogoMIPS)
[    0.064199] devtmpfs: initialized
[    0.065760] x86/mm: Memory block size: 128MB
[    0.067072] evm: security.selinux
[    0.067938] evm: security.SMACK64
[    0.068017] evm: security.SMACK64EXEC
[    0.069295] evm: security.SMACK64TRANSMUTE
[    0.072009] evm: security.SMACK64MMAP
[    0.073731] evm: security.apparmor
[    0.074931] evm: security.ima
[    0.076010] evm: security.capability
[    0.078209] clocksource: jiffies: mask: 0xffffffff max_cycles: 0xffffffff, max_idle_ns: 7645041785100000 ns
[    0.080040] futex hash table entries: 256 (order: 2, 16384 bytes)
[    0.081732] pinctrl core: initialized pinctrl subsystem
[    0.083191] RTC time: 15:59:12, date: 05/21/19
[    0.084118] NET: Registered protocol family 16
[    0.085150] audit: initializing netlink subsys (disabled)
[    0.088644] cpuidle: using governor ladder
[    0.092872] audit: type=2000 audit(1558454358.035:1): state=initialized audit_enabled=0 res=1
[    0.095075] cpuidle: using governor menu
[    0.096103] ACPI: bus type PCI registered
[    0.097115] acpiphp: ACPI Hot Plug PCI Controller Driver version: 0.5
[    0.100082] PCI: Using configuration type 1 for base access
[    0.103913] HugeTLB registered 2.00 MiB page size, pre-allocated 0 pages
[    0.104352] ACPI: Added _OSI(Module Device)
[    0.105336] ACPI: Added _OSI(Processor Device)
[    0.106675] ACPI: Added _OSI(3.0 _SCP Extensions)
[    0.108020] ACPI: Added _OSI(Processor Aggregator Device)
[    0.109296] ACPI: Added _OSI(Linux-Dell-Video)
[    0.110451] ACPI: Added _OSI(Linux-Lenovo-NV-HDMI-Audio)
[    0.112034] ACPI: Added _OSI(Linux-HPI-Hybrid-Graphics)
[    0.113787] ACPI: Executed 1 blocks of module-level executable AML code
[    0.122446] ACPI: Interpreter enabled
[    0.123410] ACPI: (supports S0 S5)
[    0.124000] ACPI: Using IOAPIC for interrupt routing
[    0.124460] PCI: Using host bridge windows from ACPI; if necessary, use "pci=nocrs" and report a bug
[    0.127207] ACPI: Enabled 2 GPEs in block 00 to 07
[    0.142552] ACPI: PCI Root Bridge [PCI0] (domain 0000 [bus 00-ff])
[    0.144000] acpi PNP0A03:00: _OSC: OS supports [ASPM ClockPM Segments MSI]
[    0.145494] acpi PNP0A03:00: _OSC: not requesting OS control; OS requires [ExtendedConfig ASPM ClockPM MSI]
[    0.148044] acpi PNP0A03:00: fail to add MMCONFIG information, can't access extended PCI configuration space under this bridge.
[    0.152256] PCI host bridge to bus 0000:00
[    0.153259] pci_bus 0000:00: root bus resource [io  0x0000-0x0cf7 window]
[    0.154751] pci_bus 0000:00: root bus resource [io  0x0d00-0xffff window]
[    0.156000] pci_bus 0000:00: root bus resource [mem 0x000a0000-0x000bffff window]
[    0.156014] pci_bus 0000:00: root bus resource [mem 0x10000000-0xfdffffff window]
[    0.160041] pci_bus 0000:00: root bus resource [bus 00-ff]
[    0.165224] pci 0000:00:01.1: legacy IDE quirk: reg 0x10: [io  0x01f0-0x01f7]
[    0.166389] pci 0000:00:01.1: legacy IDE quirk: reg 0x14: [io  0x03f6]
[    0.167454] pci 0000:00:01.1: legacy IDE quirk: reg 0x18: [io  0x0170-0x0177]
[    0.168010] pci 0000:00:01.1: legacy IDE quirk: reg 0x1c: [io  0x0376]
[    0.181658] pci 0000:00:07.0: quirk: [io  0x4000-0x403f] claimed by PIIX4 ACPI
[    0.183026] pci 0000:00:07.0: quirk: [io  0x4100-0x410f] claimed by PIIX4 SMB
[    0.190279] ACPI: PCI Interrupt Link [LNKA] (IRQs 5 9 10 *11)
[    0.192409] ACPI: PCI Interrupt Link [LNKB] (IRQs 5 9 *10 11)
[    0.196154] ACPI: PCI Interrupt Link [LNKC] (IRQs 5 *9 10 11)
[    0.198230] ACPI: PCI Interrupt Link [LNKD] (IRQs 5 9 10 *11)
[    0.201767] SCSI subsystem initialized
[    0.204191] pci 0000:00:02.0: vgaarb: setting as boot VGA device
[    0.206292] pci 0000:00:02.0: vgaarb: VGA device added: decodes=io+mem,owns=io+mem,locks=none
[    0.208015] pci 0000:00:02.0: vgaarb: bridge control possible
[    0.212009] vgaarb: loaded
[    0.216193] ACPI: bus type USB registered
[    0.217257] usbcore: registered new interface driver usbfs
[    0.220022] usbcore: registered new interface driver hub
[    0.221212] usbcore: registered new device driver usb
[    0.222331] EDAC MC: Ver: 3.0.0
[    0.224288] PCI: Using ACPI for IRQ routing
[    0.225498] NetLabel: Initializing
[    0.226194] NetLabel:  domain hash size = 128
[    0.226925] NetLabel:  protocols = UNLABELED CIPSOv4 CALIPSO
[    0.227918] NetLabel:  unlabeled traffic allowed by default
[    0.228171] clocksource: Switched to clocksource kvm-clock
[    0.244562] VFS: Disk quotas dquot_6.6.0
[    0.247805] VFS: Dquot-cache hash table entries: 512 (order 0, 4096 bytes)
[    0.249622] AppArmor: AppArmor Filesystem Enabled
[    0.251834] pnp: PnP ACPI init
[    0.253692] pnp: PnP ACPI: found 3 devices
[    0.260926] clocksource: acpi_pm: mask: 0xffffff max_cycles: 0xffffff, max_idle_ns: 2085701024 ns
[    0.264675] NET: Registered protocol family 2
[    0.265959] TCP established hash table entries: 2048 (order: 2, 16384 bytes)
[    0.268618] TCP bind hash table entries: 2048 (order: 3, 32768 bytes)
[    0.270135] TCP: Hash tables configured (established 2048 bind 2048)
[    0.271900] UDP hash table entries: 256 (order: 1, 8192 bytes)
[    0.273487] UDP-Lite hash table entries: 256 (order: 1, 8192 bytes)
[    0.274600] NET: Registered protocol family 1
[    0.275512] pci 0000:00:00.0: Limiting direct PCI/PCI transfers
[    0.276564] pci 0000:00:01.0: Activating ISA DMA hang workarounds
[    0.277599] pci 0000:00:02.0: Video device with shadowed ROM at [mem 0x000c0000-0x000dffff]
[    0.279043] Unpacking initramfs...
[    0.724052] Freeing initrd memory: 18980K
[    0.726616] clocksource: tsc: mask: 0xffffffffffffffff max_cycles: 0x21139ef1243, max_idle_ns: 440795281462 ns
[    0.729233] platform rtc_cmos: registered platform RTC device (no PNP device found)
[    0.734126] Scanning for low memory corruption every 60 seconds
[    0.739030] Initialise system trusted keyrings
[    0.740325] Key type blacklist registered
[    0.741672] workingset: timestamp_bits=36 max_order=16 bucket_order=0
[    0.745727] zbud: loaded
[    0.747409] squashfs: version 4.0 (2009/01/31) Phillip Lougher
[    0.753083] fuse init (API version 7.26)
[    0.756544] Key type asymmetric registered
[    0.757759] Asymmetric key parser 'x509' registered
[    0.760402] Block layer SCSI generic (bsg) driver version 0.4 loaded (major 246)
[    0.764845] io scheduler noop registered
[    0.768336] io scheduler deadline registered
[    0.771541] io scheduler cfq registered (default)
[    0.774063] ACPI: AC Adapter [AC] (on-line)
[    0.776398] input: Power Button as /devices/LNXSYSTM:00/LNXPWRBN:00/input/input0
[    0.780248] ACPI: Power Button [PWRF]
[    0.783590] input: Sleep Button as /devices/LNXSYSTM:00/LNXSLPBN:00/input/input1
[    0.788862] ACPI: Sleep Button [SLPF]
[    0.792847] ACPI: Battery Slot [BAT0] (battery present)
[    0.795018] Serial: 8250/16550 driver, 32 ports, IRQ sharing enabled
[    0.818971] 00:02: ttyS0 at I/O 0x3f8 (irq = 4, base_baud = 115200) is a 16550A
[    0.827025] Linux agpgart interface v0.103
[    0.831226] loop: module loaded
[    0.832270] scsi host0: ata_piix
[    0.833032] scsi host1: ata_piix
[    0.833668] ata1: PATA max UDMA/33 cmd 0x1f0 ctl 0x3f6 bmdma 0xd000 irq 14
[    0.834816] ata2: PATA max UDMA/33 cmd 0x170 ctl 0x376 bmdma 0xd008 irq 15
[    0.836822] libphy: Fixed MDIO Bus: probed
[    0.837796] tun: Universal TUN/TAP device driver, 1.6
[    0.841040] PPP generic driver version 2.4.2
[    0.842427] ehci_hcd: USB 2.0 'Enhanced' Host Controller (EHCI) Driver
[    0.843789] ehci-pci: EHCI PCI platform driver
[    0.844703] ehci-platform: EHCI generic platform driver
[    0.846045] ohci_hcd: USB 1.1 'Open' Host Controller (OHCI) Driver
[    0.846932] ohci-pci: OHCI PCI platform driver
[    0.847600] ohci-platform: OHCI generic platform driver
[    0.848410] uhci_hcd: USB Universal Host Controller Interface driver
[    0.849614] i8042: PNP: PS/2 Controller [PNP0303:PS2K,PNP0f03:PS2M] at 0x60,0x64 irq 1,12
[    0.851342] serio: i8042 KBD port at 0x60,0x64 irq 1
[    0.852149] serio: i8042 AUX port at 0x60,0x64 irq 12
[    0.853006] mousedev: PS/2 mouse device common for all mice
[    0.854069] input: AT Translated Set 2 keyboard as /devices/platform/i8042/serio0/input/input2
[    0.855683] rtc_cmos rtc_cmos: rtc core: registered rtc_cmos as rtc0
[    0.856725] rtc_cmos rtc_cmos: alarms up to one day, 114 bytes nvram
[    0.857647] i2c /dev entries driver
[    0.858194] pcie_mp2_amd: AMD(R) PCI-E MP2 Communication Driver Version: 1.0
[    0.859718] device-mapper: uevent: version 1.0.3
[    0.860540] device-mapper: ioctl: 4.37.0-ioctl (2017-09-20) initialised: dm-devel@redhat.com
[    0.861793] ledtrig-cpu: registered to indicate activity on CPUs
[    0.862933] NET: Registered protocol family 10
[    0.866646] Segment Routing with IPv6
[    0.867490] NET: Registered protocol family 17
[    0.868244] Key type dns_resolver registered
[    0.869066] RAS: Correctable Errors collector initialized.
[    0.869911] sched_clock: Marking stable (868934674, 0)->(1157649366, -288714692)
[    0.872027] registered taskstats version 1
[    0.872752] Loading compiled-in X.509 certificates
[    0.875754] Loaded X.509 cert 'Build time autogenerated kernel key: 0d5cb4b7de8533fd8e7240d711ae9d354ea3dca1'
[    0.877333] zswap: loaded using pool lzo/zbud
[    0.881040] Key type big_key registered
[    0.881931] Key type trusted registered
[    0.883994] Key type encrypted registered
[    0.884914] AppArmor: AppArmor sha1 policy hashing enabled
[    0.886512] ima: No TPM chip found, activating TPM-bypass! (rc=-19)
[    0.887428] ima: Allocated hash algorithm: sha1
[    0.888178] evm: HMAC attrs: 0x1
[    0.889106]   Magic number: 3:605:993
[    0.889871] rtc_cmos rtc_cmos: setting system clock to 2019-05-21 15:59:13 UTC (1558454353)
[    0.891435] BIOS EDD facility v0.16 2004-Jun-25, 0 devices found
[    0.892366] EDD information not available.
[    1.002678] Freeing unused kernel image memory: 2412K
[    1.012121] Write protecting the kernel read-only data: 20480k
[    1.013823] Freeing unused kernel image memory: 2008K
[    1.015066] Freeing unused kernel image memory: 1868K
[    1.024508] x86/mm: Checked W+X mappings: passed, no W+X pages found.
[    1.025674] x86/mm: Checking user space page tables
[    1.034498] x86/mm: Checked W+X mappings: passed, no W+X pages found.
Loading, please wait...
starting version 237
[    1.165173] e1000: Intel(R) PRO/1000 Network Driver - version 7.3.21-k8-NAPI
[    1.166344] e1000: Copyright (c) 1999-2006 Intel Corporation.
[    1.173654] Fusion MPT base driver 3.04.20
[    1.174382] Copyright (c) 1999-2008 LSI Corporation
[    1.191995] Fusion MPT SPI Host driver 3.04.20
[    1.215462] AVX2 version of gcm_enc/dec engaged.
[    1.216255] AES CTR mode by8 optimization enabled
[    1.394305] input: ImExPS/2 Generic Explorer Mouse as /devices/platform/i8042/serio1/input/input4
[    1.660462] e1000 0000:00:03.0 eth0: (PCI:33MHz:32-bit) 02:86:97:5e:66:88
[    1.661720] e1000 0000:00:03.0 eth0: Intel(R) PRO/1000 Network Connection
[    1.664548] mptbase: ioc0: Initiating bringup
[    1.760425] ioc0: LSI53C1030 A0: Capabilities={Initiator}
[    2.001329] scsi host2: ioc0: LSI53C1030 A0, FwRev=00000000h, Ports=1, MaxQ=256, IRQ=20
[    2.168528] scsi 2:0:0:0: Direct-Access     VBOX     HARDDISK         1.0  PQ: 0 ANSI: 5
[    2.169770] scsi target2:0:0: Beginning Domain Validation
[    2.172069] random: fast init done
[    2.172760] scsi target2:0:0: Domain Validation skipping write tests
[    2.173675] scsi target2:0:0: Ending Domain Validation
[    2.174492] random: systemd-udevd: uninitialized urandom read (16 bytes read)
[    2.175502] random: systemd-udevd: uninitialized urandom read (16 bytes read)
[    2.176551] scsi target2:0:0: asynchronous
[    2.177521] random: systemd-udevd: uninitialized urandom read (16 bytes read)
[    2.178997] scsi 2:0:1:0: Direct-Access     VBOX     HARDDISK         1.0  PQ: 0 ANSI: 5
[    2.180198] scsi target2:0:1: Beginning Domain Validation
[    2.181847] scsi target2:0:1: Domain Validation skipping write tests
[    2.182761] scsi target2:0:1: Ending Domain Validation
[    2.183774] scsi target2:0:1: asynchronous
[    2.188754] sd 2:0:0:0: Attached scsi generic sg0 type 0
[    2.190595] sd 2:0:1:0: Attached scsi generic sg1 type 0
[    2.191996] sd 2:0:0:0: [sda] 20971520 512-byte logical blocks: (10.7 GB/10.0 GiB)
[    2.193183] sd 2:0:1:0: [sdb] 20480 512-byte logical blocks: (10.5 MB/10.0 MiB)
[    2.194313] sd 2:0:1:0: [sdb] Write Protect is off
[    2.195057] sd 2:0:0:0: [sda] Write Protect is off
[    2.195936] sd 2:0:1:0: [sdb] Incomplete mode parameter data
[    2.196900] sd 2:0:1:0: [sdb] Assuming drive cache: write through
[    2.197889] sd 2:0:0:0: [sda] Incomplete mode parameter data
[    2.198744] sd 2:0:0:0: [sda] Assuming drive cache: write through
[    2.201063]  sda: sda1
[    2.202873] sd 2:0:1:0: [sdb] Attached SCSI disk
[    2.203893] sd 2:0:0:0: [sda] Attached SCSI disk
[    2.630535] e1000 0000:00:08.0 eth1: (PCI:33MHz:32-bit) 08:00:27:ac:e4:6d
[    2.632261] e1000 0000:00:08.0 eth1: Intel(R) PRO/1000 Network Connection
[    2.634765] e1000 0000:00:08.0 enp0s8: renamed from eth1
[    2.638077] e1000 0000:00:03.0 enp0s3: renamed from eth0
Begin: Loading essential drivers ... [    4.076960] raid6: sse2x1   gen()  7126 MB/s
[    4.129501] raid6: sse2x1   xor()  4862 MB/s
[    4.181323] raid6: sse2x2   gen()  3489 MB/s
[    4.236996] raid6: sse2x2   xor()  5176 MB/s
[    4.284981] raid6: sse2x4   gen()  8337 MB/s
[    4.332479] raid6: sse2x4   xor()  1890 MB/s
[    4.381338] raid6: avx2x1   gen()  9083 MB/s
[    4.432123] raid6: avx2x1   xor()  6418 MB/s
[    4.488683] raid6: avx2x2   gen()  9983 MB/s
[    4.536990] raid6: avx2x2   xor()  7128 MB/s
[    4.586956] raid6: avx2x4   gen() 18802 MB/s
[    4.646990] raid6: avx2x4   xor() 12073 MB/s
[    4.647846] raid6: using algorithm avx2x4 gen() 18802 MB/s
[    4.649012] raid6: .... xor() 12073 MB/s, rmw enabled
[    4.650274] raid6: using avx2x2 recovery algorithm
[    4.653465] xor: automatically using best checksumming function   avx       
[    4.657423] async_tx: api initialized (async)
done.
Begin: Running /scripts/init-premount ... done.
Begin: Mounting root file system ... Begin: Running /scripts/local-top ... done.
Begin: Running /scripts/local-premount ... [    4.735343] Btrfs loaded, crc32c=crc32c-intel
Scanning for Btrfs filesystems
done.
Warning: fsck not present, so skipping root file system
[    4.776674] EXT4-fs (sda1): mounted filesystem with ordered data mode. Opts: (null)
done.
Begin: Running /scripts/local-bottom ... done.
Begin: Running /scripts/init-bottom ... done.
[    4.995617] ip_tables: (C) 2000-2006 Netfilter Core Team
[    5.010275] systemd[1]: systemd 237 running in system mode. (+PAM +AUDIT +SELINUX +IMA +APPARMOR +SMACK +SYSVINIT +UTMP +LIBCRYPTSETUP +GCRYPT +GNUTLS +ACL +XZ +LZ4 +SECCOMP +BLKID +ELFUTILS +KMOD -IDN2 +IDN -PCRE2 default-hierarchy=hybrid)
[    5.014186] systemd[1]: Detected virtualization oracle.
[    5.015165] systemd[1]: Detected architecture x86-64.

Welcome to [1mUbuntu 18.04.2 LTS[0m!

[    5.020618] systemd[1]: Set hostname to <ubuntu>.
[    5.035727] systemd[1]: Initializing machine ID from random generator.
[    5.037700] systemd[1]: Installed transient /etc/machine-id file.
[    5.497394] systemd[1]: Set up automount Arbitrary Executable File Formats File System Automount Point.
[[0;32m  OK  [0m] Set up automount Arbitrary Executab…rmats File System Automount Point.
[    5.516115] systemd[1]: Created slice User and Session Slice.
[[0;32m  OK  [0m] Created slice User and Session Slice.
[    5.527899] systemd[1]: Reached target System Time Synchronized.
[[0;32m  OK  [0m] Reached target System Time Synchronized.
[    5.537314] systemd[1]: Reached target Swap.
[[0;32m  OK  [0m] Reached target Swap.
[[0;32m  OK  [0m] Created slice System Slice.
[[0;32m  OK  [0m] Listening on Network Service Netlink Socket.
[[0;32m  OK  [0m] Listening on Journal Audit Socket.
[[0;32m  OK  [0m] Listening on Journal Socket (/dev/log).
[[0;32m  OK  [0m] Reached target Slices.
[[0;32m  OK  [0m] Listening on udev Control Socket.
[[0;32m  OK  [0m] Listening on /dev/initctl Compatibility Named Pipe.
[[0;32m  OK  [0m] Listening on Journal Socket.
         Starting Remount Root and Kernel File Systems...
         Starting Set the console keyboard layout...
         Mounting Huge Pages File System...
         Starting Uncomplicated firewall...
[[0;32m  OK  [0m] Listening on Device-mapper event daemon FIFOs.
         Starting Create list of required st…ce nodes for the current kernel...
[[0;32m  OK  [0m] Started Forward Password Requests to Wall Directory Watch.
         Mounting Kernel Debug File System...
[[0;32m  OK  [0m] Created slice system-serial\x2dgetty.slice.
[[0;32m  OK  [0m] Listening on udev Kernel Socket.
         Starting udev Coldplug all Devices...
[[0;32m  OK  [0m] Listening on LVM2 metadata daemon socket.
         Starting Monitoring of LVM2 mirrors…ng dmeventd or progress polling...
         Starting Load Kernel Modules...
[[0;32m  OK  [0m] Listening on Syslog Socket.
         Mounting POSIX Message Queue File System...
[[0;32m  OK  [0m] Reached target User and Group Name Lookups.
[[0;32m  OK  [0m] Listening on LVM2 poll daemon socket.
         Starting Journal Service...
[[0;32m  OK  [0m] Started Uncomplicated firewall.
[[0;32m  OK  [0m] Started Create list of required sta…vice nodes for the current kernel.
         Starting Create Static Device Nodes in /dev...
[    5.754567] Loading iSCSI transport class v2.0-870.
[[0;32m  OK  [0m] Started udev Coldplug all Devices.
[[0;32m  OK  [0m] Started Journal Service.
[[0;32m  OK  [0m] Started Create Static Device Nodes in /dev.
[    5.839011] iscsi: registered transport (tcp)
[    5.860621] iscsi: registered transport (iser)
[[0;32m  OK  [0m] Started Load Kernel Modules.
         Starting Apply Kernel Variables...
         Mounting Kernel Configuration File System...
         Mounting FUSE Control File System...
[[0;32m  OK  [0m] Mounted Kernel Debug File System.
[[0;32m  OK  [0m] Mounted Huge Pages File System.
[[0;32m  OK  [0m] Started Remount Root and Kernel File Systems.
[[0;32m  OK  [0m] Mounted POSIX Message Queue File System.
[[0;32m  OK  [0m] Started Apply Kernel Variables.
[[0;32m  OK  [0m] Mounted Kernel Configuration File System.
[[0;32m  OK  [0m] Mounted FUSE Control File System.
[[0;32m  OK  [0m] Started LVM2 metadata daemon.
         Starting Load/Save Random Seed...
         Starting Flush Journal to Persistent Storage...
         Starting udev Kernel Device Manager...
[[0;32m  OK  [0m] Started Load/Save Random Seed.
[[0;32m  OK  [0m] Started Set the console keyboard layout.
[[0;32m  OK  [0m] Started udev Kernel Device Manager.
[[0;32m  OK  [0m] Started Dispatch Password Requests to Console Directory Watch.
[[0;32m  OK  [0m] Reached target Local Encrypted Volumes.
[[0;32m  OK  [0m] Started Monitoring of LVM2 mirrors,…sing dmeventd or progress polling.
[[0;32m  OK  [0m] Reached target Local File Systems (Pre).
[[0;32m  OK  [0m] Reached target Local File Systems.
         Starting Set console font and keymap...
         Starting ebtables ruleset management...
         Starting Tell Plymouth To Write Out Runtime Data...
         Starting Commit a transient machine-id on disk...
         Starting AppArmor initialization...
[[0;32m  OK  [0m] Started Flush Journal to Persistent Storage.
         Starting Create Volatile Files and Directories...
[[0;32m  OK  [0m] Started Tell Plymouth To Write Out Runtime Data.
[[0;32m  OK  [0m] Started Set console font and keymap.
[[0;32m  OK  [0m] Started Commit a transient machine-id on disk.
[[0;32m  OK  [0m] Started Create Volatile Files and Directories.
         Starting Update UTMP about System Boot/Shutdown...
[[0;32m  OK  [0m] Started Update UTMP about System Boot/Shutdown.
[[0;32m  OK  [0m] Started ebtables ruleset management.
[[0;32m  OK  [0m] Found device /dev/ttyS0.
[[0;32m  OK  [0m] Listening on Load/Save RF Kill Switch Status /dev/rfkill Watch.
[[0;32m  OK  [0m] Started AppArmor initialization.
         Starting Initial cloud-init job (pre-networking)...
[   10.045848] cloud-init[533]: Cloud-init v. 18.5-45-g3554ffe8-0ubuntu1~18.04.1 running 'init-local' at Tue, 21 May 2019 15:59:22 +0000. Up 9.60 seconds.
[[0;32m  OK  [0m] Started Initial cloud-init job (pre-networking).
[[0;32m  OK  [0m] Reached target Network (Pre).
         Starting Network Service...
[[0;32m  OK  [0m] Started Network Service.
         Starting Wait for Network to be Configured...
         Starting Network Name Resolution...
[[0;32m  OK  [0m] Started Network Name Resolution.
[[0;32m  OK  [0m] Reached target Network.
[[0;32m  OK  [0m] Reached target Host and Network Name Lookups.
[[0;32m  OK  [0m] Started Wait for Network to be Configured.
         Starting Initial cloud-init job (metadata service crawler)...
[   12.472076] cloud-init[614]: Cloud-init v. 18.5-45-g3554ffe8-0ubuntu1~18.04.1 running 'init' at Tue, 21 May 2019 15:59:24 +0000. Up 12.18 seconds.
[   12.473649] cloud-init[614]: ci-info: ++++++++++++++++++++++++++++++++++++++Net device info+++++++++++++++++++++++++++++++++++++++
[   12.488340] cloud-init[614]: ci-info: +--------+-------+----------------------------+---------------+--------+-------------------+
[   12.494270] cloud-init[614]: ci-info: | Device |   Up  |          Address           |      Mask     | Scope  |     Hw-Address    |
[   12.521124] cloud-init[614]: ci-info: +--------+-------+----------------------------+---------------+--------+-------------------+
[   12.535415] cloud-init[614]: ci-info: | enp0s3 |  True |         10.0.2.15          | 255.255.255.0 | global | 02:86:97:5e:66:88 |
[   12.550344] cloud-init[614]: ci-info: | enp0s3 |  True | fe80::86:97ff:fe5e:6688/64 |       .       |  link  | 02:86:97:5e:66:88 |
[   12.566865] cloud-init[614]: ci-info: | enp0s8 | False |             .              |       .       |   .    | 08:00:27:ac:e4:6d |
[   12.574697] cloud-init[614]: ci-info: |   lo   |  True |         127.0.0.1          |   255.0.0.0   |  host  |         .         |
[   12.588516] cloud-init[614]: ci-info: |   lo   |  True |          ::1/128           |       .       |  host  |         .         |
[   12.596244] cloud-init[614]: ci-info: +--------+-------+----------------------------+---------------+--------+-------------------+
[   12.598490] cloud-init[614]: ci-info: ++++++++++++++++++++++++++++Route IPv4 info+++++++++++++++++++++++++++++
[   12.607156] cloud-init[614]: ci-info: +-------+-------------+----------+-----------------+-----------+-------+
[   12.608981] cloud-init[614]: ci-info: | Route | Destination | Gateway  |     Genmask     | Interface | Flags |
[   12.610922] cloud-init[614]: ci-info: +-------+-------------+----------+-----------------+-----------+-------+
[   12.614106] cloud-init[614]: ci-info: |   0   |   0.0.0.0   | 10.0.2.2 |     0.0.0.0     |   enp0s3  |   UG  |
[   12.617823] cloud-init[614]: ci-info: |   1   |   10.0.2.0  | 0.0.0.0  |  255.255.255.0  |   enp0s3  |   U   |
[   12.620325] cloud-init[614]: ci-info: |   2   |   10.0.2.2  | 0.0.0.0  | 255.255.255.255 |   enp0s3  |   UH  |
[   12.626191] cloud-init[614]: ci-info: +-------+-------------+----------+-----------------+-----------+-------+
[   12.632300] cloud-init[614]: ci-info: +++++++++++++++++++Route IPv6 info+++++++++++++++++++
[   12.646489] cloud-init[614]: ci-info: +-------+-------------+---------+-----------+-------+
[   12.660015] cloud-init[614]: ci-info: | Route | Destination | Gateway | Interface | Flags |
[   12.671679] cloud-init[614]: ci-info: +-------+-------------+---------+-----------+-------+
[   12.680950] cloud-init[614]: ci-info: |   1   |  fe80::/64  |    ::   |   enp0s3  |   U   |
[   12.692644] cloud-init[614]: ci-info: |   3   |    local    |    ::   |   enp0s3  |   U   |
[   12.704105] cloud-init[614]: ci-info: |   4   |   ff00::/8  |    ::   |   enp0s3  |   U   |
[   12.712200] cloud-init[614]: ci-info: +-------+-------------+---------+-----------+-------+
[   13.404390] cloud-init[614]: Generating public/private rsa key pair.
[   13.428168] cloud-init[614]: Your identification has been saved in /etc/ssh/ssh_host_rsa_key.
[   13.429913] cloud-init[614]: Your public key has been saved in /etc/ssh/ssh_host_rsa_key.pub.
[   13.447305] cloud-init[614]: The key fingerprint is:
[   13.448483] cloud-init[614]: SHA256:xQzQ1f80NGCmQTUmrecEx3K2G4xJfii3S+ZQtGZ7CKI root@ubuntu-bionic
[   13.450059] cloud-init[614]: The key's randomart image is:
[   13.451308] cloud-init[614]: +---[RSA 2048]----+
[   13.452826] cloud-init[614]: |      .o..o=+B.  |
[   13.456416] cloud-init[614]: |        .+ =O*.o |
[   13.467425] cloud-init[614]: |          B.&.o .|
[   13.481001] cloud-init[614]: |       . + % B...|
[   13.497660] cloud-init[614]: |      . S B O oo.|
[   13.509201] cloud-init[614]: |     E   . * +  .|
[   13.510306] cloud-init[614]: |          = o    |
[   13.520412] cloud-init[614]: |           o     |
[   13.521534] cloud-init[614]: |                 |
[   13.522655] cloud-init[614]: +----[SHA256]-----+
[   13.524346] cloud-init[614]: Generating public/private dsa key pair.
[   13.528475] cloud-init[614]: Your identification has been saved in /etc/ssh/ssh_host_dsa_key.
[   13.536462] cloud-init[614]: Your public key has been saved in /etc/ssh/ssh_host_dsa_key.pub.
[   13.543407] cloud-init[614]: The key fingerprint is:
[[0;32m  OK  [0m] Started Initial cloud-init job (metadata service crawler).
[   13.551082] cloud-init[614]: SHA256:FqVsAMELcTeqXmv0Fr3qsny+nuSGDiUQt878a9IDB2s root@ubuntu-bionic
[[0;32m  OK  [0m] Reached target Cloud-config availability.
[   13.559252] cloud-init[[0;32m  OK  [0m] Reached target System Initialization.
[[0;32m  OK  [0m] Listening on Open-iSCSI iscsid Socket.
[[0;32m  OK  [0m] Listening on ACPID Listen Socket.
[[0;32m  OK  [0m] Started Discard unused blocks once a week.
[[0;32m  OK  [0m] Listening on D-Bus System Message Bus Socket.
[[0;32m  OK  [0m] Started Daily apt download activities.
         Starting LXD - unix socket.
[614]: The key's randomart image is:
[   13.572989] cloud-init[614]: +---[DSA 1024]----+
[   13.574007] cloud-init[614]: |. oo+o+   .      |
[   13.574818] cloud-init[614]: | o.o.o + o       |
[   13.575924] [[0;32m  OK  [0m] Started Daily apt upgrade and clean activities.
[[0;32m  OK  [0m] Listening on UUID daemon activation socket.
         Starting Socket activation for snappy daemon.
[[0;32m  OK  [0m] Started Message of the Day.
[cloud-init[614]: |. ....  =        |
[   13.590975] cloud-init[614]: | =...  o .       |
[   13.591986] [0;32m  OK  [0m] Started Daily Cleanup of Temporary Directories.
[[0;32m  OK  [0m] Reached target Timers.
[[0;32m  OK  [0m] Started ACPI Events Check.
[[0;32m  OK  [0m] Reached target Paths.
[[0;32m  OK  [0m] Reached target Network is Online.
[[0;32m  OK  [0m] Reached target Remote File Systems (Pre).
[[0;32m  OK  [0m] Reached target Remote File Systems.
cloud-init[614]: |  *o+ . S        |
         Starting Availability of block devices...
[[0;32m  OK  [0m] Listening on LXD - unix socket.
[   13.606992] cloud-init[614]: | .E*.o o .       |
[[0;32m  OK  [0m] Listening on Socket activation for snappy daemon.
[   13.611338] cloud-init[[0;32m  OK  [0m] Started Availability of block devices.
[[0;32m  OK  [0m] Reached target Sockets.[614]: | .o++.+ .        |
[   13.618887] cloud-init[614]: |  .+*=oo         |
[   13.620013] cloud-init[614]: |   +=XO.         |
[   13.623316] cloud-init[614]: +----[SHA256]-----+

[[0;32m  OK  [0m] Reached target Basic System.
         Starting LSB: Record successful boot for GRUB...[   13.629618] cloud-init[614]: Generating public/private ecdsa key pair.
[   13.631140] cloud-init[614]: Your identification has been saved in /etc/ssh/ssh_host_ecdsa_key.

         Starting LSB: automatic crash report generation...
         Starting Virtualbox guest utils...
         Starting Login Service...
         Starting Pollinate to seed the pseudo random number generator...
         Starting Snappy daemon...
[[0;32m  OK  [0m] Started Regular background program processing daemon.
[   13.690518] cloud-init[614]: Your public key has been saved in /etc/ssh/ssh_host_ecdsa_key.pub.
[   13.699505] cloud-init[614]: The key fingerprint is:
[   13.705409] cloud-init[614]: SHA256:XIZhF2T6qZjFVjWlfOHwshdUbZ8F1NbMZHfiohFnsdg root@ubuntu-bionic
[   13.724961] cloud-init[614]: The key's randomart image is:
[   13.737181] cloud-init[614]: +---[ECDSA 256]---+
[   13.738451] cloud-init[614]: |        o.*.B+BBO|
[   13.739536] cloud-init[614]: |       . * O X +%|
[   13.742561] cloud-init[614]: |        o * E *o+|
[   13.748222] cloud-init[614]: |       o = + = o.|
         Starting Dispatcher daemon for systemd-networkd...
         Starting LXD - container startup/shutdown...
[   13.773375] cloud-init[614]: |        S + . .  |
[   13.786588] cloud-init[614]: |       = .   .   |
[   13.789595] cloud-init[614]: |      o .        |
[   13.793741] cloud-init[614]: |                 |
[   13.797923] cloud-init[614]: |                 |
[   13.806036] cloud-init[614]: +----[SHA256]-----+
[[0;32m  OK  [0m] Started irqbalance daemon.
[[0;32m  OK  [0m] Started D-Bus System Message Bus.
[   13.823922] cloud-init[614]: Generating public/private ed25519 key pair.
[   13.825588] cloud-init[614]: Your identification has been saved in /etc/ssh/ssh_host_ed25519_key.
[   13.830178] cloud-init[614]: Your public key has been saved in /etc/ssh/ssh_host_ed25519_key.pub.
[   13.846029] cloud-init[614]: The key fingerprint is:
[   13.849369] cloud-init[614]: SHA256:whimR/Lus7YczzJYKGkLc0KDoUvgWsaxJw9ajHLntXE root@ubuntu-bionic
[   13.855879] cloud-init[614]: The key's randomart image is:
[   13.859221] cloud-init[614]: +--[ED25519 256]--+
[   13.884053] cloud-init[614]: |                 |
[   13.887042] cloud-init[614]: |o .              |
[   13.893262] cloud-init[614]: |==.o+            |
[   13.896722] cloud-init[614]: |==@*o+o E        |
[   13.899704] cloud-init[614]: |=OoO+.o+S        |
[   13.906153] cloud-init[614]: |X.oo+ ..         |
[   13.909881] cloud-init[614]: |o=.oo            |
[   13.911803] cloud-init[614]: | ..o=+           |
[   13.919107] cloud-init[614]: |   .=*o          |
[   13.923553] cloud-init[614]: +----[SHA256]-----+
[[0;32m  OK  [0m] Started Login Service.
[[0;32m  OK  [0m] Started Unattended Upgrades Shutdown.
[[0;32m  OK  [0m] Started FUSE filesystem for LXC.
         Starting System Logging Service...
[[0;32m  OK  [0m] Started Deferred execution scheduler.
         Starting Accounts Service...
         Starting Permit User Sessions...
[[0;32m  OK  [0m] Started System Logging Service.
[[0;32m  OK  [0m] Started Permit User Sessions.
         Starting Hold until boot process finishes up...
         Starting Terminate Plymouth Boot Screen...
[[0;32m  OK  [0m] Started Hold until boot process finishes up.
[[0;32m  OK  [0m] Started Serial Getty on ttyS0.
         Starting Set console scheme...
[[0;32m  OK  [0m] Started Terminate Plymouth Boot Screen.
[[0;32m  OK  [0m] Started Set console scheme.
[[0;32m  OK  [0m] Created slice system-getty.slice.
[[0;32m  OK  [0m] Started Getty on tty1.
[[0;32m  OK  [0m] Reached target Login Prompts.
         Starting Authorization Manager...
[[0;32m  OK  [0m] Started LSB: automatic crash report generation.
[[0;32m  OK  [0m] Started Authorization Manager.
[[0;32m  OK  [0m] Started Accounts Service.
[[0;32m  OK  [0m] Started LSB: Record successful boot for GRUB.
[[0;32m  OK  [0m] Started Virtualbox guest utils.
[[0;32m  OK  [0m] Started LXD - container startup/shutdown.
[[0;32m  OK  [0m] Started Dispatcher daemon for systemd-networkd.
[[0;32m  OK  [0m] Started Snappy daemon.
         Starting Wait until snapd is fully seeded...
[[0;32m  OK  [0m] Started Pollinate to seed the pseudo random number generator.
         Starting OpenBSD Secure Shell server...
[[0;32m  OK  [0m] Started OpenBSD Secure Shell server.
[[0;32m  OK  [0m] Created slice User Slice of vagrant.
         Starting User Manager for UID 1000...
[[0;32m  OK  [0m] Started Session 1 of user vagrant.
[[0;32m  OK  [0m] Started User Manager for UID 1000.
[[0;32m  OK  [0m] Started Wait until snapd is fully seeded.
         Starting Apply the settings specified in cloud-config...
[[0;32m  OK  [0m] Reached target Multi-User System.
[[0;32m  OK  [0m] Reached target Graphical Interface.
         Starting Update UTMP about System Runlevel Changes...
[[0;32m  OK  [0m] Started Update UTMP about System Runlevel Changes.

Ubuntu 18.04.2 LTS ubuntu-bionic ttyS0

ubuntu-bionic login: [   20.780639] cloud-init[946]: Cloud-init v. 18.5-45-g3554ffe8-0ubuntu1~18.04.1 running 'modules:config' at Tue, 21 May 2019 15:59:31 +0000. Up 19.05 seconds.
ci-info: no authorized ssh keys fingerprints found for user ubuntu.
<14>May 21 15:59:35 ec2: 
<14>May 21 15:59:35 ec2: #############################################################
<14>May 21 15:59:35 ec2: -----BEGIN SSH HOST KEY FINGERPRINTS-----
<14>May 21 15:59:35 ec2: 1024 SHA256:FqVsAMELcTeqXmv0Fr3qsny+nuSGDiUQt878a9IDB2s root@ubuntu-bionic (DSA)
<14>May 21 15:59:35 ec2: 256 SHA256:XIZhF2T6qZjFVjWlfOHwshdUbZ8F1NbMZHfiohFnsdg root@ubuntu-bionic (ECDSA)
<14>May 21 15:59:35 ec2: 256 SHA256:whimR/Lus7YczzJYKGkLc0KDoUvgWsaxJw9ajHLntXE root@ubuntu-bionic (ED25519)
<14>May 21 15:59:35 ec2: 2048 SHA256:xQzQ1f80NGCmQTUmrecEx3K2G4xJfii3S+ZQtGZ7CKI root@ubuntu-bionic (RSA)
<14>May 21 15:59:35 ec2: -----END SSH HOST KEY FINGERPRINTS-----
<14>May 21 15:59:35 ec2: #############################################################
-----BEGIN SSH HOST KEY KEYS-----
ecdsa-sha2-nistp256 AAAAE2VjZHNhLXNoYTItbmlzdHAyNTYAAAAIbmlzdHAyNTYAAABBBLYMWyy/3IMikI2eANX86A//H7qxmne9cCIq6cAtaay5MIqKF4zlkx0ftCTC+em9nC6Kj5YcwmnxsfCLJocOOGs= root@ubuntu-bionic
ssh-ed25519 AAAAC3NzaC1lZDI1NTE5AAAAIA8mLQ7WLWuLx5Dk16OOEK+rO3C6LGDVTAaURXtARvBM root@ubuntu-bionic
ssh-rsa AAAAB3NzaC1yc2EAAAADAQABAAABAQDK7ptTgPsa56DbeFRghvxo0CLNuyamQ6bxjj2ZOcK9i7Y/ooPOa87UcRIlt2TaOC/mpUgeVP/hPN3DgXMh8NrjvR+A6GNNQSPDG5j/Ic8RMbhEcmXEnmp1uA6P5m7F4Y9RzCbqKm3MVktEFF+6HjpK6JzvnQ6xiQrZWrfeNLrlxifljtAyMuHpJw3L/0FuxeIuSjNQjfWYYIWZzX/gHjiic81PvV58g7EzB3sNUo6QHj0YcuEAUxmXEOGpgHve5Pmi5U18B6zEGRETgc5BvvoqwnHfDIWbtidU/d+f/YuHF6Ed7U1kgF5NV19hEdmM0/CRZuSZGW+AUxR2IA5UHdHx root@ubuntu-bionic
-----END SSH HOST KEY KEYS-----
[   23.135747] cloud-init[1052]: Cloud-init v. 18.5-45-g3554ffe8-0ubuntu1~18.04.1 running 'modules:final' at Tue, 21 May 2019 15:59:35 +0000. Up 22.78 seconds.
[   23.138067] cloud-init[1052]: ci-info: no authorized ssh keys fingerprints found for user ubuntu.
[   23.140842] cloud-init[1052]: Cloud-init v. 18.5-45-g3554ffe8-0ubuntu1~18.04.1 finished at Tue, 21 May 2019 15:59:35 +0000. Datasource DataSourceNoCloud [seed=/dev/sdb][dsmode=net].  Up 23.12 seconds
