dee1bpd011ccpra
dee1bpd013ccpra
dee1bpd021ccpra
dee1bpd023ccpra
dee1bpi011ccpra
dee1bpi013ccpra
dee1bpi021ccpra
dee1bpi023ccpra
dee1bpi031ccpra
dee1bpi033ccpra
dee1bpi041ccpra
dee1bpi043ccpra
dee1bpi051ccpra
dee1bpi053ccpra
dee1bpi061ccpra
dee1bpi063ccpra
dee1bpi071ccpra
dee1bpi073ccpra
dee1bpi081ccpra
dee1bpi083ccpra
dee1cen011ccpra
dee1cen013ccpra
dee1cen021ccpra
dee1cen023ccpra
dee1cen031ccpra
dee1cen033ccpra
dee1chf011ccpra
dee1chf013ccpra
dee1chf021ccpra
dee1chf023ccpra
dee1chf031ccpra
dee1chf033ccpra
dee1chf041ccpra
dee1chf051ccpra
dee1chf061ccpra
dee1db2011ccpra
dee1db2013ccpra
dee1db2021ccpra
dee1db2023ccpra
dee1eco011ccpra
dee1eco013ccpra
dee1eco021ccpra
dee1eco023ccpra
dee1eco033ccpra
dee1eco043ccpra
dee1elb011ccpra
dee1elb013ccpra
dee1elb021ccpra
dee1mig031ccpra
dee1mig033ccpra
dee1mig041ccpra
dee1pvc011ccpra
dee1pvc013ccpra
dee1wra011ccpra
dee1wra013ccpra
dee1wra021ccpra
dee1wra023ccpra
dee1wra031ccpra
dee1wra033ccpra
dee1xpy011ccpra
fre2wra033ccpra
fre2bpd011ccpra
fre2bpd013ccpra
fre2bpd021ccpra
fre2bpd023ccpra
fre2bpi011ccpra
fre2bpi013ccpra
fre2bpi021ccpra
fre2bpi023ccpra
fre2bpi031ccpra
fre2bpi033ccpra
fre2bpi041ccpra
fre2bpi043ccpra
fre2bpi051ccpra
fre2bpi053ccpra
fre2bpi061ccpra
fre2bpi063ccpra
fre2bpi071ccpra
fre2bpi073ccpra
fre2bpi081ccpra
fre2bpi083ccpra
fre2chf011ccpra
fre2chf013ccpra
fre2chf021ccpra
fre2chf023ccpra
fre2chf031ccpra
fre2chf033ccpra
fre2chf041ccpra
fre2chf051ccpra
fre2chf061ccpra
fre2db2011ccpra
fre2db2013ccpra
fre2db2021ccpra
fre2db2023ccpra
fre2eco011ccpra
fre2eco013ccpra
fre2eco021ccpra
fre2eco023ccpra
fre2eco033ccpra
fre2eco043ccpra
fre2elb011ccpra
fre2elb013ccpra
fre2elb021ccpra
fre2elb023ccpra
fre2mig031ccpra
fre2mig033ccpra
fre2mig041ccpra
fre2pvc011ccpra
fre2pvc013ccpra
fre2wra011ccpra
fre2wra013ccpra
fre2wra021ccpra
fre2wra031ccpra
fre2xpy011ccpra
usn1bpd011ccpra
usn1bpd021ccpra
usn1bpi011ccpra
usn1bpi021ccpra
usn1bpi031ccpra
usn1bpi081ccpra
usn1chf011ccpra
usn1chf021ccpra
usn1chf031ccpra
usn1chf041ccpra
usn1chf051ccpra
usn1chf061ccpra
usn1eco011ccpra
usn1eco021ccpra
usn1mig031ccpra
usn1pvc011ccpra
usn1wra011ccpra
usn1wra021ccpra
usn1wra031ccpra
usn1xpy011ccpra
usn2bpd011ccpra
usn2bpi011ccpra
usn2bpd021ccpra
usn2bpi031ccpra
usn2bpi081ccpra
usn2pvc011ccpra
usn2bpi021ccpra
usn2chf011ccpra
usn2chf021ccpra
usn2chf031ccpra
usn2chf041ccpra
usn2chf051ccpra
usn2chf061ccpra
usn2eco011ccpra
usn2eco021ccpra
usn2mig031ccpra
usn2wra021ccpra
usn2wra011ccpra
usn2wra031ccpra
usn2xpy011ccpra
